# JRE version: OpenJDK Runtime Environment (8.0_152-b01) (build 1.8.0_152-release-915-b01)
# Java VM: OpenJDK 64-Bit Server VM (25.152-b01 mixed mode windows-amd64 compressed oops)
Heap:
 PSYoungGen      total 240128K, used 21505K [0x00000000e0000000, 0x00000000f3480000, 0x0000000100000000)
  eden space 220672K, 9% used [0x00000000e0000000,0x00000000e1500700,0x00000000ed780000)
  from space 19456K, 0% used [0x00000000ed780000,0x00000000ed780000,0x00000000eea80000)
  to   space 22528K, 0% used [0x00000000f1e80000,0x00000000f1e80000,0x00000000f3480000)
 ParOldGen       total 100352K, used 34450K [0x00000000a0000000, 0x00000000a6200000, 0x00000000e0000000)
  object space 100352K, 34% used [0x00000000a0000000,0x00000000a21a4a98,0x00000000a6200000)
 Metaspace       used 58427K, capacity 60198K, committed 60504K, reserved 1101824K
  class space    used 7822K, capacity 8278K, committed 8320K, reserved 1048576K
GC Heap History (10 events):
Event: 6.240 GC heap before
{Heap before GC invocations=8 (full 2):
 PSYoungGen      total 173568K, used 7892K [0x00000000e0000000, 0x00000000ee380000, 0x0000000100000000)
  eden space 160256K, 0% used [0x00000000e0000000,0x00000000e0000000,0x00000000e9c80000)
  from space 13312K, 59% used [0x00000000ea880000,0x00000000eb035070,0x00000000eb580000)
  to   space 12288K, 0% used [0x00000000e9c80000,0x00000000e9c80000,0x00000000ea880000)
 ParOldGen       total 69632K, used 19220K [0x00000000a0000000, 0x00000000a4400000, 0x00000000e0000000)
  object space 69632K, 27% used [0x00000000a0000000,0x00000000a12c5300,0x00000000a4400000)
 Metaspace       used 34440K, capacity 35162K, committed 35416K, reserved 1079296K
  class space    used 4674K, capacity 4925K, committed 4992K, reserved 1048576K
Event: 6.300 GC heap after
Heap after GC invocations=8 (full 2):
 PSYoungGen      total 173568K, used 0K [0x00000000e0000000, 0x00000000ee380000, 0x0000000100000000)
  eden space 160256K, 0% used [0x00000000e0000000,0x00000000e0000000,0x00000000e9c80000)
  from space 13312K, 0% used [0x00000000ea880000,0x00000000ea880000,0x00000000eb580000)
  to   space 12288K, 0% used [0x00000000e9c80000,0x00000000e9c80000,0x00000000ea880000)
 ParOldGen       total 100352K, used 15308K [0x00000000a0000000, 0x00000000a6200000, 0x00000000e0000000)
  object space 100352K, 15% used [0x00000000a0000000,0x00000000a0ef3390,0x00000000a6200000)
 Metaspace       used 34440K, capacity 35162K, committed 35416K, reserved 1079296K
  class space    used 4674K, capacity 4925K, committed 4992K, reserved 1048576K
}
Event: 8.082 GC heap before
{Heap before GC invocations=9 (full 2):
 PSYoungGen      total 173568K, used 160256K [0x00000000e0000000, 0x00000000ee380000, 0x0000000100000000)
  eden space 160256K, 100% used [0x00000000e0000000,0x00000000e9c80000,0x00000000e9c80000)
  from space 13312K, 0% used [0x00000000ea880000,0x00000000ea880000,0x00000000eb580000)
  to   space 12288K, 0% used [0x00000000e9c80000,0x00000000e9c80000,0x00000000ea880000)
 ParOldGen       total 100352K, used 15308K [0x00000000a0000000, 0x00000000a6200000, 0x00000000e0000000)
  object space 100352K, 15% used [0x00000000a0000000,0x00000000a0ef3390,0x00000000a6200000)
 Metaspace       used 46134K, capacity 47180K, committed 47448K, reserved 1089536K
  class space    used 6159K, capacity 6513K, committed 6528K, reserved 1048576K
Event: 8.096 GC heap after
Heap after GC invocations=9 (full 2):
 PSYoungGen      total 172544K, used 12261K [0x00000000e0000000, 0x00000000efa00000, 0x0000000100000000)
  eden space 160256K, 0% used [0x00000000e0000000,0x00000000e0000000,0x00000000e9c80000)
  from space 12288K, 99% used [0x00000000e9c80000,0x00000000ea879528,0x00000000ea880000)
  to   space 15872K, 0% used [0x00000000eea80000,0x00000000eea80000,0x00000000efa00000)
 ParOldGen       total 100352K, used 18791K [0x00000000a0000000, 0x00000000a6200000, 0x00000000e0000000)
  object space 100352K, 18% used [0x00000000a0000000,0x00000000a1259ce0,0x00000000a6200000)
 Metaspace       used 46134K, capacity 47180K, committed 47448K, reserved 1089536K
  class space    used 6159K, capacity 6513K, committed 6528K, reserved 1048576K
}
Event: 9.367 GC heap before
{Heap before GC invocations=10 (full 2):
 PSYoungGen      total 172544K, used 172517K [0x00000000e0000000, 0x00000000efa00000, 0x0000000100000000)
  eden space 160256K, 100% used [0x00000000e0000000,0x00000000e9c80000,0x00000000e9c80000)
  from space 12288K, 99% used [0x00000000e9c80000,0x00000000ea879528,0x00000000ea880000)
  to   space 15872K, 0% used [0x00000000eea80000,0x00000000eea80000,0x00000000efa00000)
 ParOldGen       total 100352K, used 18791K [0x00000000a0000000, 0x00000000a6200000, 0x00000000e0000000)
  object space 100352K, 18% used [0x00000000a0000000,0x00000000a1259ce0,0x00000000a6200000)
 Metaspace       used 50917K, capacity 52622K, committed 52824K, reserved 1095680K
  class space    used 6822K, capacity 7232K, committed 7296K, reserved 1048576K
Event: 9.382 GC heap after
Heap after GC invocations=10 (full 2):
 PSYoungGen      total 236544K, used 15853K [0x00000000e0000000, 0x00000000f0300000, 0x0000000100000000)
  eden space 220672K, 0% used [0x00000000e0000000,0x00000000e0000000,0x00000000ed780000)
  from space 15872K, 99% used [0x00000000eea80000,0x00000000ef9fb470,0x00000000efa00000)
  to   space 19456K, 0% used [0x00000000ed780000,0x00000000ed780000,0x00000000eea80000)
 ParOldGen       total 100352K, used 21921K [0x00000000a0000000, 0x00000000a6200000, 0x00000000e0000000)
  object space 100352K, 21% used [0x00000000a0000000,0x00000000a15685a8,0x00000000a6200000)
 Metaspace       used 50917K, capacity 52622K, committed 52824K, reserved 1095680K
  class space    used 6822K, capacity 7232K, committed 7296K, reserved 1048576K
}
Event: 12.374 GC heap before
{Heap before GC invocations=11 (full 2):
 PSYoungGen      total 236544K, used 114995K [0x00000000e0000000, 0x00000000f0300000, 0x0000000100000000)
  eden space 220672K, 44% used [0x00000000e0000000,0x00000000e60d1a40,0x00000000ed780000)
  from space 15872K, 99% used [0x00000000eea80000,0x00000000ef9fb470,0x00000000efa00000)
  to   space 19456K, 0% used [0x00000000ed780000,0x00000000ed780000,0x00000000eea80000)
 ParOldGen       total 100352K, used 21921K [0x00000000a0000000, 0x00000000a6200000, 0x00000000e0000000)
  object space 100352K, 21% used [0x00000000a0000000,0x00000000a15685a8,0x00000000a6200000)
 Metaspace       used 57144K, capacity 58854K, committed 59028K, reserved 1099776K
  class space    used 7699K, capacity 8150K, committed 8192K, reserved 1048576K
Event: 12.390 GC heap after
Heap after GC invocations=11 (full 2):
 PSYoungGen      total 240128K, used 19448K [0x00000000e0000000, 0x00000000f3480000, 0x0000000100000000)
  eden space 220672K, 0% used [0x00000000e0000000,0x00000000e0000000,0x00000000ed780000)
  from space 19456K, 99% used [0x00000000ed780000,0x00000000eea7e028,0x00000000eea80000)
  to   space 22528K, 0% used [0x00000000f1e80000,0x00000000f1e80000,0x00000000f3480000)
 ParOldGen       total 100352K, used 23761K [0x00000000a0000000, 0x00000000a6200000, 0x00000000e0000000)
  object space 100352K, 23% used [0x00000000a0000000,0x00000000a1734408,0x00000000a6200000)
 Metaspace       used 57144K, capacity 58854K, committed 59028K, reserved 1099776K
  class space    used 7699K, capacity 8150K, committed 8192K, reserved 1048576K
}
Event: 12.390 GC heap before
{Heap before GC invocations=12 (full 3):
 PSYoungGen      total 240128K, used 19448K [0x00000000e0000000, 0x00000000f3480000, 0x0000000100000000)
  eden space 220672K, 0% used [0x00000000e0000000,0x00000000e0000000,0x00000000ed780000)
  from space 19456K, 99% used [0x00000000ed780000,0x00000000eea7e028,0x00000000eea80000)
  to   space 22528K, 0% used [0x00000000f1e80000,0x00000000f1e80000,0x00000000f3480000)
 ParOldGen       total 100352K, used 23761K [0x00000000a0000000, 0x00000000a6200000, 0x00000000e0000000)
  object space 100352K, 23% used [0x00000000a0000000,0x00000000a1734408,0x00000000a6200000)
 Metaspace       used 57144K, capacity 58854K, committed 59028K, reserved 1099776K
  class space    used 7699K, capacity 8150K, committed 8192K, reserved 1048576K
Event: 12.562 GC heap after
Heap after GC invocations=12 (full 3):
 PSYoungGen      total 240128K, used 0K [0x00000000e0000000, 0x00000000f3480000, 0x0000000100000000)
  eden space 220672K, 0% used [0x00000000e0000000,0x00000000e0000000,0x00000000ed780000)
  from space 19456K, 0% used [0x00000000ed780000,0x00000000ed780000,0x00000000eea80000)
  to   space 22528K, 0% used [0x00000000f1e80000,0x00000000f1e80000,0x00000000f3480000)
 ParOldGen       total 100352K, used 34450K [0x00000000a0000000, 0x00000000a6200000, 0x00000000e0000000)
  object space 100352K, 34% used [0x00000000a0000000,0x00000000a21a4a98,0x00000000a6200000)
 Metaspace       used 57144K, capacity 58854K, committed 59028K, reserved 1099776K
  class space    used 7699K, capacity 8150K, committed 8192K, reserved 1048576K
}

